This is pdfTeX, Version 3.14159265-2.6-1.40.21 (MiKTeX 2.9.7400 64-bit) (preloaded format=pdflatex 2020.4.22)  15 MAY 2020 17:41
entering extended mode
**"g:/Mon Drive/TFE/main.tex"
("g:/Mon Drive/TFE/main.tex"
LaTeX2e <2020-02-02> patch level 5
L3 programming layer <2020-04-06> ("C:\Users\Martin\AppData\Local\Programs\MiKTeX 2.9\tex/latex/base\report.cls"
Document Class: report 2019/12/20 v1.4l Standard LaTeX document class
("C:\Users\Martin\AppData\Local\Programs\MiKTeX 2.9\tex/latex/base\size12.clo"
File: size12.clo 2019/12/20 v1.4l Standard LaTeX file (size option)
)
\c@part=\count167
\c@chapter=\count168
\c@section=\count169
\c@subsection=\count170
\c@subsubsection=\count171
\c@paragraph=\count172
\c@subparagraph=\count173
\c@figure=\count174
\c@table=\count175
\abovecaptionskip=\skip47
\belowcaptionskip=\skip48
\bibindent=\dimen134
) ("C:\Users\Martin\AppData\Local\Programs\MiKTeX 2.9\tex/generic/babel\babel.sty"
Package: babel 2020/03/22 3.42 The Babel package
 ("C:\Users\Martin\AppData\Local\Programs\MiKTeX 2.9\tex/generic/babel\switch.def"
File: switch.def 2020/03/22 3.42 Babel switching mechanism
)
*************************************
* Local config file bblopts.cfg used
*
("C:\Users\Martin\AppData\Local\Programs\MiKTeX 2.9\tex/latex/arabi\bblopts.cfg"
File: bblopts.cfg 2005/09/08 v0.1 add Arabic and Farsi to "declared" options of babel
) ("C:\Users\Martin\AppData\Local\Programs\MiKTeX 2.9\tex/latex/babel-english\english.ldf"
Language: english 2017/06/06 v3.3r English support from the babel system
 ("C:\Users\Martin\AppData\Local\Programs\MiKTeX 2.9\tex/generic/babel\babel.def"
File: babel.def 2020/03/22 3.42 Babel common definitions
\babel@savecnt=\count176
\U@D=\dimen135
 ("C:\Users\Martin\AppData\Local\Programs\MiKTeX 2.9\tex/generic/babel\txtbabel.def")
\bbl@readstream=\read2
\bbl@dirlevel=\count177
)
Package babel Info: \l@canadian = using hyphenrules for english
(babel)             (\language0) on input line 102.
Package babel Info: \l@australian = using hyphenrules for ukenglish
(babel)             (\language72) on input line 105.
Package babel Info: \l@newzealand = using hyphenrules for ukenglish
(babel)             (\language72) on input line 108.
)) ("C:\Users\Martin\AppData\Local\Programs\MiKTeX 2.9\tex/latex/base\fontenc.sty"
Package: fontenc 2020/02/11 v2.0o Standard LaTeX package
) ("C:\Users\Martin\AppData\Local\Programs\MiKTeX 2.9\tex/latex/psnfss\times.sty"
Package: times 2020/03/25 PSNFSS-v9.3 (SPQR) 
) ("C:\Users\Martin\AppData\Local\Programs\MiKTeX 2.9\tex/latex/amsmath\amsmath.sty"
Package: amsmath 2020/01/20 v2.17e AMS math features
\@mathmargin=\skip49

For additional information on amsmath, use the `?' option.
("C:\Users\Martin\AppData\Local\Programs\MiKTeX 2.9\tex/latex/amsmath\amstext.sty"
Package: amstext 2000/06/29 v2.01 AMS text
 ("C:\Users\Martin\AppData\Local\Programs\MiKTeX 2.9\tex/latex/amsmath\amsgen.sty"
File: amsgen.sty 1999/11/30 v2.0 generic functions
\@emptytoks=\toks15
\ex@=\dimen136
)) ("C:\Users\Martin\AppData\Local\Programs\MiKTeX 2.9\tex/latex/amsmath\amsbsy.sty"
Package: amsbsy 1999/11/29 v1.2d Bold Symbols
\pmbraise@=\dimen137
) ("C:\Users\Martin\AppData\Local\Programs\MiKTeX 2.9\tex/latex/amsmath\amsopn.sty"
Package: amsopn 2016/03/08 v2.02 operator names
)
\inf@bad=\count178
LaTeX Info: Redefining \frac on input line 227.
\uproot@=\count179
\leftroot@=\count180
LaTeX Info: Redefining \overline on input line 389.
\classnum@=\count181
\DOTSCASE@=\count182
LaTeX Info: Redefining \ldots on input line 486.
LaTeX Info: Redefining \dots on input line 489.
LaTeX Info: Redefining \cdots on input line 610.
\Mathstrutbox@=\box45
\strutbox@=\box46
\big@size=\dimen138
LaTeX Font Info:    Redeclaring font encoding OML on input line 733.
LaTeX Font Info:    Redeclaring font encoding OMS on input line 734.
\macc@depth=\count183
\c@MaxMatrixCols=\count184
\dotsspace@=\muskip16
\c@parentequation=\count185
\dspbrk@lvl=\count186
\tag@help=\toks16
\row@=\count187
\column@=\count188
\maxfields@=\count189
\andhelp@=\toks17
\eqnshift@=\dimen139
\alignsep@=\dimen140
\tagshift@=\dimen141
\tagwidth@=\dimen142
\totwidth@=\dimen143
\lineht@=\dimen144
\@envbody=\toks18
\multlinegap=\skip50
\multlinetaggap=\skip51
\mathdisplay@stack=\toks19
LaTeX Info: Redefining \[ on input line 2859.
LaTeX Info: Redefining \] on input line 2860.
) ("C:\Users\Martin\AppData\Local\Programs\MiKTeX 2.9\tex/latex/amsfonts\amsfonts.sty"
Package: amsfonts 2013/01/14 v3.01 Basic AMSFonts support
\symAMSa=\mathgroup4
\symAMSb=\mathgroup5
LaTeX Font Info:    Redeclaring math symbol \hbar on input line 98.
LaTeX Font Info:    Overwriting math alphabet `\mathfrak' in version `bold'
(Font)                  U/euf/m/n --> U/euf/b/n on input line 106.
) ("C:\Users\Martin\AppData\Local\Programs\MiKTeX 2.9\tex/latex/amsfonts\amssymb.sty"
Package: amssymb 2013/01/14 v3.01 AMS font symbols
) ("C:\Users\Martin\AppData\Local\Programs\MiKTeX 2.9\tex/latex/base\textcomp.sty"
Package: textcomp 2020/02/02 v2.0n Standard LaTeX package
) ("C:\Users\Martin\AppData\Local\Programs\MiKTeX 2.9\tex/latex/was\gensymb.sty"
Package: gensymb 2003/07/02 v1.0 (WaS)
) ("C:\Users\Martin\AppData\Local\Programs\MiKTeX 2.9\tex/latex/hyperref\hyperref.sty"
Package: hyperref 2020/01/14 v7.00d Hypertext links for LaTeX
 ("C:\Users\Martin\AppData\Local\Programs\MiKTeX 2.9\tex/generic/ltxcmds\ltxcmds.sty"
Package: ltxcmds 2019/12/15 v1.24 LaTeX kernel commands for general use (HO)
) ("C:\Users\Martin\AppData\Local\Programs\MiKTeX 2.9\tex/generic/iftex\iftex.sty"
Package: iftex 2020/03/06 v1.0d TeX engine tests
) ("C:\Users\Martin\AppData\Local\Programs\MiKTeX 2.9\tex/latex/pdftexcmds\pdftexcmds.sty"
Package: pdftexcmds 2019/11/24 v0.31 Utility functions of pdfTeX for LuaTeX (HO)
 ("C:\Users\Martin\AppData\Local\Programs\MiKTeX 2.9\tex/generic/infwarerr\infwarerr.sty"
Package: infwarerr 2019/12/03 v1.5 Providing info/warning/error messages (HO)
)
Package pdftexcmds Info: \pdf@primitive is available.
Package pdftexcmds Info: \pdf@ifprimitive is available.
Package pdftexcmds Info: \pdfdraftmode found.
) ("C:\Users\Martin\AppData\Local\Programs\MiKTeX 2.9\tex/latex/graphics\keyval.sty"
Package: keyval 2014/10/28 v1.15 key=value parser (DPC)
\KV@toks@=\toks20
) ("C:\Users\Martin\AppData\Local\Programs\MiKTeX 2.9\tex/generic/kvsetkeys\kvsetkeys.sty"
Package: kvsetkeys 2019/12/15 v1.18 Key value parser (HO)
) ("C:\Users\Martin\AppData\Local\Programs\MiKTeX 2.9\tex/generic/kvdefinekeys\kvdefinekeys.sty"
Package: kvdefinekeys 2019-12-19 v1.6 Define keys (HO)
) ("C:\Users\Martin\AppData\Local\Programs\MiKTeX 2.9\tex/generic/pdfescape\pdfescape.sty"
Package: pdfescape 2019/12/09 v1.15 Implements pdfTeX's escape features (HO)
) ("C:\Users\Martin\AppData\Local\Programs\MiKTeX 2.9\tex/latex/hycolor\hycolor.sty"
Package: hycolor 2020-01-27 v1.10 Color options for hyperref/bookmark (HO)
) ("C:\Users\Martin\AppData\Local\Programs\MiKTeX 2.9\tex/latex/letltxmacro\letltxmacro.sty"
Package: letltxmacro 2019/12/03 v1.6 Let assignment for LaTeX macros (HO)
) ("C:\Users\Martin\AppData\Local\Programs\MiKTeX 2.9\tex/latex/auxhook\auxhook.sty"
Package: auxhook 2019-12-17 v1.6 Hooks for auxiliary files (HO)
) ("C:\Users\Martin\AppData\Local\Programs\MiKTeX 2.9\tex/latex/kvoptions\kvoptions.sty"
Package: kvoptions 2019/11/29 v3.13 Key value format for package options (HO)
)
\@linkdim=\dimen145
\Hy@linkcounter=\count190
\Hy@pagecounter=\count191
 ("C:\Users\Martin\AppData\Local\Programs\MiKTeX 2.9\tex/latex/hyperref\pd1enc.def"
File: pd1enc.def 2020/01/14 v7.00d Hyperref: PDFDocEncoding definition (HO)
Now handling font encoding PD1 ...
... no UTF-8 mapping file for font encoding PD1
) ("C:\Users\Martin\AppData\Local\Programs\MiKTeX 2.9\tex/generic/intcalc\intcalc.sty"
Package: intcalc 2019/12/15 v1.3 Expandable calculations with integers (HO)
) ("C:\Users\Martin\AppData\Local\Programs\MiKTeX 2.9\tex/generic/etexcmds\etexcmds.sty"
Package: etexcmds 2019/12/15 v1.7 Avoid name clashes with e-TeX commands (HO)
)
\Hy@SavedSpaceFactor=\count192
Package hyperref Info: Hyper figures OFF on input line 4547.
Package hyperref Info: Link nesting OFF on input line 4552.
Package hyperref Info: Hyper index ON on input line 4555.
Package hyperref Info: Plain pages OFF on input line 4562.
Package hyperref Info: Backreferencing OFF on input line 4567.
Package hyperref Info: Implicit mode ON; LaTeX internals redefined.
Package hyperref Info: Bookmarks ON on input line 4800.
\c@Hy@tempcnt=\count193
 ("C:\Users\Martin\AppData\Local\Programs\MiKTeX 2.9\tex/latex/url\url.sty"
\Urlmuskip=\muskip17
Package: url 2013/09/16  ver 3.4  Verb mode for urls, etc.
)
LaTeX Info: Redefining \url on input line 5159.
\XeTeXLinkMargin=\dimen146
 ("C:\Users\Martin\AppData\Local\Programs\MiKTeX 2.9\tex/generic/bitset\bitset.sty"
Package: bitset 2019/12/09 v1.3 Handle bit-vector datatype (HO)
 ("C:\Users\Martin\AppData\Local\Programs\MiKTeX 2.9\tex/generic/bigintcalc\bigintcalc.sty"
Package: bigintcalc 2019/12/15 v1.5 Expandable calculations on big integers (HO)
))
\Fld@menulength=\count194
\Field@Width=\dimen147
\Fld@charsize=\dimen148
Package hyperref Info: Hyper figures OFF on input line 6430.
Package hyperref Info: Link nesting OFF on input line 6435.
Package hyperref Info: Hyper index ON on input line 6438.
Package hyperref Info: backreferencing OFF on input line 6445.
Package hyperref Info: Link coloring OFF on input line 6450.
Package hyperref Info: Link coloring with OCG OFF on input line 6455.
Package hyperref Info: PDF/A mode OFF on input line 6460.
LaTeX Info: Redefining \ref on input line 6500.
LaTeX Info: Redefining \pageref on input line 6504.
 ("C:\Users\Martin\AppData\Local\Programs\MiKTeX 2.9\tex/generic/atbegshi\atbegshi.sty"
Package: atbegshi 2019/12/05 v1.19 At begin shipout hook (HO)
)
\Hy@abspage=\count195
\c@Item=\count196
\c@Hfootnote=\count197
)
Package hyperref Info: Driver (autodetected): hpdftex.
 ("C:\Users\Martin\AppData\Local\Programs\MiKTeX 2.9\tex/latex/hyperref\hpdftex.def"
File: hpdftex.def 2020/01/14 v7.00d Hyperref driver for pdfTeX
 ("C:\Users\Martin\AppData\Local\Programs\MiKTeX 2.9\tex/latex/atveryend\atveryend.sty"
Package: atveryend 2019-12-11 v1.11 Hooks at the very end of document (HO)
Package atveryend Info: \enddocument detected (standard20110627).
)
\Fld@listcount=\count198
\c@bookmark@seq@number=\count199
 ("C:\Users\Martin\AppData\Local\Programs\MiKTeX 2.9\tex/latex/rerunfilecheck\rerunfilecheck.sty"
Package: rerunfilecheck 2019/12/05 v1.9 Rerun checks for auxiliary files (HO)
 ("C:\Users\Martin\AppData\Local\Programs\MiKTeX 2.9\tex/generic/uniquecounter\uniquecounter.sty"
Package: uniquecounter 2019/12/15 v1.4 Provide unlimited unique counter (HO)
)
Package uniquecounter Info: New unique counter `rerunfilecheck' on input line 286.
)
\Hy@SectionHShift=\skip52
) ("C:\Users\Martin\AppData\Local\Programs\MiKTeX 2.9\tex/latex/graphics\graphicx.sty"
Package: graphicx 2019/11/30 v1.2a Enhanced LaTeX Graphics (DPC,SPQR)
 ("C:\Users\Martin\AppData\Local\Programs\MiKTeX 2.9\tex/latex/graphics\graphics.sty"
Package: graphics 2019/11/30 v1.4a Standard LaTeX Graphics (DPC,SPQR)
 ("C:\Users\Martin\AppData\Local\Programs\MiKTeX 2.9\tex/latex/graphics\trig.sty"
Package: trig 2016/01/03 v1.10 sin cos tan (DPC)
) ("C:\Users\Martin\AppData\Local\Programs\MiKTeX 2.9\tex/latex/graphics-cfg\graphics.cfg"
File: graphics.cfg 2016/06/04 v1.11 sample graphics configuration
)
Package graphics Info: Driver file: pdftex.def on input line 105.
 ("C:\Users\Martin\AppData\Local\Programs\MiKTeX 2.9\tex/latex/graphics-def\pdftex.def"
File: pdftex.def 2018/01/08 v1.0l Graphics/color driver for pdftex
))
\Gin@req@height=\dimen149
\Gin@req@width=\dimen150
) ("C:\Users\Martin\AppData\Local\Programs\MiKTeX 2.9\tex/latex/setspace\setspace.sty"
Package: setspace 2011/12/19 v6.7a set line spacing
) ("C:\Users\Martin\AppData\Local\Programs\MiKTeX 2.9\tex/latex/mhchem\mhchem.sty"
Package: mhchem 2018/06/22 v4.08 for typesetting chemical formulae
 ("C:\Users\Martin\AppData\Local\Programs\MiKTeX 2.9\tex/latex/l3kernel\expl3.sty"
Package: expl3 2020-04-06 L3 programming layer (loader) 
 ("C:\Users\Martin\AppData\Local\Programs\MiKTeX 2.9\tex/latex/l3backend\l3backend-pdfmode.def"
File: l3backend-pdfmode.def 2020-03-12 L3 backend support: PDF mode
\l__kernel_color_stack_int=\count266
\l__pdf_internal_box=\box47
)) ("C:\Users\Martin\AppData\Local\Programs\MiKTeX 2.9\tex/latex/l3packages/l3keys2e\l3keys2e.sty"
Package: l3keys2e 2020-03-06 LaTeX2e option processing using LaTeX3 keys
) ("C:\Users\Martin\AppData\Local\Programs\MiKTeX 2.9\tex/latex/tools\calc.sty"
Package: calc 2017/05/25 v4.3 Infix arithmetic (KKT,FJ)
\calc@Acount=\count267
\calc@Bcount=\count268
\calc@Adimen=\dimen151
\calc@Bdimen=\dimen152
\calc@Askip=\skip53
\calc@Bskip=\skip54
LaTeX Info: Redefining \setlength on input line 80.
LaTeX Info: Redefining \addtolength on input line 81.
\calc@Ccount=\count269
\calc@Cskip=\skip55
) ("C:\Users\Martin\AppData\Local\Programs\MiKTeX 2.9\tex/latex/chemgreek\chemgreek.sty" ("C:\Users\Martin\AppData\Local\Programs\MiKTeX 2.9\tex/latex/l3packages/xparse\xparse.sty"
Package: xparse 2020-03-06 L3 Experimental document command parser
\l__xparse_current_arg_int=\count270
\g__xparse_grabber_int=\count271
\l__xparse_m_args_int=\count272
\l__xparse_v_nesting_int=\count273
)
Package: chemgreek 2020/01/16 v1.1a interface for upright Greek letters for use in chemistry (CN)
\l__chemgreek_tmpa_int=\count274
\g__chemgreek_tmpa_int=\count275
)
\l__mhchem_ce_distanceFromLastComma_int=\count276
\__mhchem_arrow_extPgfLength_skip=\skip56
\mhchem@minispace@tmp=\skip57
\mhchem@minibackspace@tmp=\skip58
\mhchem@bondwidth=\skip59
\mhchem@bondheight=\skip60
\mhchem@smallbondwidth@tmpA=\skip61
\mhchem@smallbondwidth@tmpB=\skip62
\mhchem@smallbondwidth=\skip63
\mhchem@bondtmp@minussidebearingleft=\skip64
\mhchem@bondtmp@minussidebearingright=\skip65
\l__mhchem_option_version_int=\count277
\mhchem@option@minusmathsidebearingleft=\dimen153
\mhchem@option@minusmathsidebearingright=\dimen154
\mhchem@option@minustextsidebearingleft=\dimen155
\mhchem@option@minustextsidebearingright=\dimen156
) ("C:\Users\Martin\AppData\Local\Programs\MiKTeX 2.9\tex/latex/caption\caption.sty"
Package: caption 2020/01/03 v3.4h Customizing captions (AR)
 ("C:\Users\Martin\AppData\Local\Programs\MiKTeX 2.9\tex/latex/caption\caption3.sty"
Package: caption3 2020/01/03 v1.8h caption3 kernel (AR)
Package caption3 Info: TeX engine: e-TeX on input line 61.
\captionmargin=\dimen157
\captionmargin@=\dimen158
\captionwidth=\dimen159
\caption@tempdima=\dimen160
\caption@indent=\dimen161
\caption@parindent=\dimen162
\caption@hangindent=\dimen163
Package caption Info: Standard document class detected.
)
\c@caption@flags=\count278
\c@continuedfloat=\count279
Package caption Info: hyperref package is loaded.
) ("C:\Users\Martin\AppData\Local\Programs\MiKTeX 2.9\tex/latex/caption\subcaption.sty"
Package: subcaption 2020/01/22 v1.3d Sub-captions (AR)
\c@subfigure=\count280
\c@subtable=\count281
) ("C:\Users\Martin\AppData\Local\Programs\MiKTeX 2.9\tex/latex/tools\longtable.sty"
Package: longtable 2020/01/07 v4.13 Multi-page Table package (DPC)
\LTleft=\skip66
\LTright=\skip67
\LTpre=\skip68
\LTpost=\skip69
\LTchunksize=\count282
\LTcapwidth=\dimen164
\LT@head=\box48
\LT@firsthead=\box49
\LT@foot=\box50
\LT@lastfoot=\box51
\LT@cols=\count283
\LT@rows=\count284
\c@LT@tables=\count285
\c@LT@chunks=\count286
\LT@p@ftn=\toks21
) ("C:\Users\Martin\AppData\Local\Programs\MiKTeX 2.9\tex/latex/xcolor\xcolor.sty"
Package: xcolor 2016/05/11 v2.12 LaTeX color extensions (UK)
 ("C:\Users\Martin\AppData\Local\Programs\MiKTeX 2.9\tex/latex/graphics-cfg\color.cfg"
File: color.cfg 2016/01/02 v1.6 sample color configuration
)
Package xcolor Info: Driver file: pdftex.def on input line 225.
Package xcolor Info: Model `cmy' substituted by `cmy0' on input line 1348.
Package xcolor Info: Model `hsb' substituted by `rgb' on input line 1352.
Package xcolor Info: Model `RGB' extended on input line 1364.
Package xcolor Info: Model `HTML' substituted by `rgb' on input line 1366.
Package xcolor Info: Model `Hsb' substituted by `hsb' on input line 1367.
Package xcolor Info: Model `tHsb' substituted by `hsb' on input line 1368.
Package xcolor Info: Model `HSB' substituted by `hsb' on input line 1369.
Package xcolor Info: Model `Gray' substituted by `gray' on input line 1370.
Package xcolor Info: Model `wave' substituted by `hsb' on input line 1371.
 ("C:\Users\Martin\AppData\Local\Programs\MiKTeX 2.9\tex/latex/graphics\dvipsnam.def"
File: dvipsnam.def 2016/06/17 v3.0m Driver-dependent file (DPC,SPQR)
)) ("C:\Users\Martin\AppData\Local\Programs\MiKTeX 2.9\tex/latex/pgf/frontendlayer\tikz.sty" ("C:\Users\Martin\AppData\Local\Programs\MiKTeX 2.9\tex/latex/pgf/basiclayer\pgf.sty" ("C:\Users\Martin\AppData\Local\Programs\MiKTeX 2.9\tex/latex/pgf/utilities\pgfrcs.sty" ("C:\Users\Martin\AppData\Local\Programs\MiKTeX 2.9\tex/generic/pgf/utilities\pgfutil-common.tex"
\pgfutil@everybye=\toks22
\pgfutil@tempdima=\dimen165
\pgfutil@tempdimb=\dimen166
 ("C:\Users\Martin\AppData\Local\Programs\MiKTeX 2.9\tex/generic/pgf/utilities\pgfutil-common-lists.tex")) ("C:\Users\Martin\AppData\Local\Programs\MiKTeX 2.9\tex/generic/pgf/utilities\pgfutil-latex.def"
\pgfutil@abb=\box52
 ("C:\Users\Martin\AppData\Local\Programs\MiKTeX 2.9\tex/latex/ms\everyshi.sty"
Package: everyshi 2001/05/15 v3.00 EveryShipout Package (MS)
)) ("C:\Users\Martin\AppData\Local\Programs\MiKTeX 2.9\tex/generic/pgf/utilities\pgfrcs.code.tex" ("C:\Users\Martin\AppData\Local\Programs\MiKTeX 2.9\tex/generic/pgf\pgf.revision.tex")
Package: pgfrcs 2020/01/08 v3.1.5b (3.1.5b)
))
Package: pgf 2020/01/08 v3.1.5b (3.1.5b)
 ("C:\Users\Martin\AppData\Local\Programs\MiKTeX 2.9\tex/latex/pgf/basiclayer\pgfcore.sty" ("C:\Users\Martin\AppData\Local\Programs\MiKTeX 2.9\tex/latex/pgf/systemlayer\pgfsys.sty" ("C:\Users\Martin\AppData\Local\Programs\MiKTeX 2.9\tex/generic/pgf/systemlayer\pgfsys.code.tex"
Package: pgfsys 2020/01/08 v3.1.5b (3.1.5b)
 ("C:\Users\Martin\AppData\Local\Programs\MiKTeX 2.9\tex/generic/pgf/utilities\pgfkeys.code.tex"
\pgfkeys@pathtoks=\toks23
\pgfkeys@temptoks=\toks24
 ("C:\Users\Martin\AppData\Local\Programs\MiKTeX 2.9\tex/generic/pgf/utilities\pgfkeysfiltered.code.tex"
\pgfkeys@tmptoks=\toks25
))
\pgf@x=\dimen167
\pgf@y=\dimen168
\pgf@xa=\dimen169
\pgf@ya=\dimen170
\pgf@xb=\dimen171
\pgf@yb=\dimen172
\pgf@xc=\dimen173
\pgf@yc=\dimen174
\pgf@xd=\dimen175
\pgf@yd=\dimen176
\w@pgf@writea=\write3
\r@pgf@reada=\read3
\c@pgf@counta=\count287
\c@pgf@countb=\count288
\c@pgf@countc=\count289
\c@pgf@countd=\count290
\t@pgf@toka=\toks26
\t@pgf@tokb=\toks27
\t@pgf@tokc=\toks28
\pgf@sys@id@count=\count291
 ("C:\Users\Martin\AppData\Local\Programs\MiKTeX 2.9\tex/generic/pgf/systemlayer\pgf.cfg"
File: pgf.cfg 2020/01/08 v3.1.5b (3.1.5b)
)
Driver file for pgf: pgfsys-pdftex.def
 ("C:\Users\Martin\AppData\Local\Programs\MiKTeX 2.9\tex/generic/pgf/systemlayer\pgfsys-pdftex.def"
File: pgfsys-pdftex.def 2020/01/08 v3.1.5b (3.1.5b)
 ("C:\Users\Martin\AppData\Local\Programs\MiKTeX 2.9\tex/generic/pgf/systemlayer\pgfsys-common-pdf.def"
File: pgfsys-common-pdf.def 2020/01/08 v3.1.5b (3.1.5b)
))) ("C:\Users\Martin\AppData\Local\Programs\MiKTeX 2.9\tex/generic/pgf/systemlayer\pgfsyssoftpath.code.tex"
File: pgfsyssoftpath.code.tex 2020/01/08 v3.1.5b (3.1.5b)
\pgfsyssoftpath@smallbuffer@items=\count292
\pgfsyssoftpath@bigbuffer@items=\count293
) ("C:\Users\Martin\AppData\Local\Programs\MiKTeX 2.9\tex/generic/pgf/systemlayer\pgfsysprotocol.code.tex"
File: pgfsysprotocol.code.tex 2020/01/08 v3.1.5b (3.1.5b)
)) ("C:\Users\Martin\AppData\Local\Programs\MiKTeX 2.9\tex/generic/pgf/basiclayer\pgfcore.code.tex"
Package: pgfcore 2020/01/08 v3.1.5b (3.1.5b)
 ("C:\Users\Martin\AppData\Local\Programs\MiKTeX 2.9\tex/generic/pgf/math\pgfmath.code.tex" ("C:\Users\Martin\AppData\Local\Programs\MiKTeX 2.9\tex/generic/pgf/math\pgfmathcalc.code.tex" ("C:\Users\Martin\AppData\Local\Programs\MiKTeX 2.9\tex/generic/pgf/math\pgfmathutil.code.tex") ("C:\Users\Martin\AppData\Local\Programs\MiKTeX 2.9\tex/generic/pgf/math\pgfmathparser.code.tex"
\pgfmath@dimen=\dimen177
\pgfmath@count=\count294
\pgfmath@box=\box53
\pgfmath@toks=\toks29
\pgfmath@stack@operand=\toks30
\pgfmath@stack@operation=\toks31
) ("C:\Users\Martin\AppData\Local\Programs\MiKTeX 2.9\tex/generic/pgf/math\pgfmathfunctions.code.tex" ("C:\Users\Martin\AppData\Local\Programs\MiKTeX 2.9\tex/generic/pgf/math\pgfmathfunctions.basic.code.tex") ("C:\Users\Martin\AppData\Local\Programs\MiKTeX 2.9\tex/generic/pgf/math\pgfmathfunctions.trigonometric.code.tex") ("C:\Users\Martin\AppData\Local\Programs\MiKTeX 2.9\tex/generic/pgf/math\pgfmathfunctions.random.code.tex") ("C:\Users\Martin\AppData\Local\Programs\MiKTeX 2.9\tex/generic/pgf/math\pgfmathfunctions.comparison.code.tex") ("C:\Users\Martin\AppData\Local\Programs\MiKTeX 2.9\tex/generic/pgf/math\pgfmathfunctions.base.code.tex") ("C:\Users\Martin\AppData\Local\Programs\MiKTeX 2.9\tex/generic/pgf/math\pgfmathfunctions.round.code.tex") ("C:\Users\Martin\AppData\Local\Programs\MiKTeX 2.9\tex/generic/pgf/math\pgfmathfunctions.misc.code.tex") ("C:\Users\Martin\AppData\Local\Programs\MiKTeX 2.9\tex/generic/pgf/math\pgfmathfunctions.integerarithmetics.code.tex"))) ("C:\Users\Martin\AppData\Local\Programs\MiKTeX 2.9\tex/generic/pgf/math\pgfmathfloat.code.tex"
\c@pgfmathroundto@lastzeros=\count295
)) ("C:\Users\Martin\AppData\Local\Programs\MiKTeX 2.9\tex/generic/pgf/math\pgfint.code.tex") ("C:\Users\Martin\AppData\Local\Programs\MiKTeX 2.9\tex/generic/pgf/basiclayer\pgfcorepoints.code.tex"
File: pgfcorepoints.code.tex 2020/01/08 v3.1.5b (3.1.5b)
\pgf@picminx=\dimen178
\pgf@picmaxx=\dimen179
\pgf@picminy=\dimen180
\pgf@picmaxy=\dimen181
\pgf@pathminx=\dimen182
\pgf@pathmaxx=\dimen183
\pgf@pathminy=\dimen184
\pgf@pathmaxy=\dimen185
\pgf@xx=\dimen186
\pgf@xy=\dimen187
\pgf@yx=\dimen188
\pgf@yy=\dimen189
\pgf@zx=\dimen190
\pgf@zy=\dimen191
) ("C:\Users\Martin\AppData\Local\Programs\MiKTeX 2.9\tex/generic/pgf/basiclayer\pgfcorepathconstruct.code.tex"
File: pgfcorepathconstruct.code.tex 2020/01/08 v3.1.5b (3.1.5b)
\pgf@path@lastx=\dimen192
\pgf@path@lasty=\dimen193
) ("C:\Users\Martin\AppData\Local\Programs\MiKTeX 2.9\tex/generic/pgf/basiclayer\pgfcorepathusage.code.tex"
File: pgfcorepathusage.code.tex 2020/01/08 v3.1.5b (3.1.5b)
\pgf@shorten@end@additional=\dimen194
\pgf@shorten@start@additional=\dimen195
) ("C:\Users\Martin\AppData\Local\Programs\MiKTeX 2.9\tex/generic/pgf/basiclayer\pgfcorescopes.code.tex"
File: pgfcorescopes.code.tex 2020/01/08 v3.1.5b (3.1.5b)
\pgfpic=\box54
\pgf@hbox=\box55
\pgf@layerbox@main=\box56
\pgf@picture@serial@count=\count296
) ("C:\Users\Martin\AppData\Local\Programs\MiKTeX 2.9\tex/generic/pgf/basiclayer\pgfcoregraphicstate.code.tex"
File: pgfcoregraphicstate.code.tex 2020/01/08 v3.1.5b (3.1.5b)
\pgflinewidth=\dimen196
) ("C:\Users\Martin\AppData\Local\Programs\MiKTeX 2.9\tex/generic/pgf/basiclayer\pgfcoretransformations.code.tex"
File: pgfcoretransformations.code.tex 2020/01/08 v3.1.5b (3.1.5b)
\pgf@pt@x=\dimen197
\pgf@pt@y=\dimen198
\pgf@pt@temp=\dimen199
) ("C:\Users\Martin\AppData\Local\Programs\MiKTeX 2.9\tex/generic/pgf/basiclayer\pgfcorequick.code.tex"
File: pgfcorequick.code.tex 2020/01/08 v3.1.5b (3.1.5b)
) ("C:\Users\Martin\AppData\Local\Programs\MiKTeX 2.9\tex/generic/pgf/basiclayer\pgfcoreobjects.code.tex"
File: pgfcoreobjects.code.tex 2020/01/08 v3.1.5b (3.1.5b)
) ("C:\Users\Martin\AppData\Local\Programs\MiKTeX 2.9\tex/generic/pgf/basiclayer\pgfcorepathprocessing.code.tex"
File: pgfcorepathprocessing.code.tex 2020/01/08 v3.1.5b (3.1.5b)
) ("C:\Users\Martin\AppData\Local\Programs\MiKTeX 2.9\tex/generic/pgf/basiclayer\pgfcorearrows.code.tex"
File: pgfcorearrows.code.tex 2020/01/08 v3.1.5b (3.1.5b)
\pgfarrowsep=\dimen256
) ("C:\Users\Martin\AppData\Local\Programs\MiKTeX 2.9\tex/generic/pgf/basiclayer\pgfcoreshade.code.tex"
File: pgfcoreshade.code.tex 2020/01/08 v3.1.5b (3.1.5b)
\pgf@max=\dimen257
\pgf@sys@shading@range@num=\count297
\pgf@shadingcount=\count298
) ("C:\Users\Martin\AppData\Local\Programs\MiKTeX 2.9\tex/generic/pgf/basiclayer\pgfcoreimage.code.tex"
File: pgfcoreimage.code.tex 2020/01/08 v3.1.5b (3.1.5b)
 ("C:\Users\Martin\AppData\Local\Programs\MiKTeX 2.9\tex/generic/pgf/basiclayer\pgfcoreexternal.code.tex"
File: pgfcoreexternal.code.tex 2020/01/08 v3.1.5b (3.1.5b)
\pgfexternal@startupbox=\box57
)) ("C:\Users\Martin\AppData\Local\Programs\MiKTeX 2.9\tex/generic/pgf/basiclayer\pgfcorelayers.code.tex"
File: pgfcorelayers.code.tex 2020/01/08 v3.1.5b (3.1.5b)
) ("C:\Users\Martin\AppData\Local\Programs\MiKTeX 2.9\tex/generic/pgf/basiclayer\pgfcoretransparency.code.tex"
File: pgfcoretransparency.code.tex 2020/01/08 v3.1.5b (3.1.5b)
) ("C:\Users\Martin\AppData\Local\Programs\MiKTeX 2.9\tex/generic/pgf/basiclayer\pgfcorepatterns.code.tex"
File: pgfcorepatterns.code.tex 2020/01/08 v3.1.5b (3.1.5b)
) ("C:\Users\Martin\AppData\Local\Programs\MiKTeX 2.9\tex/generic/pgf/basiclayer\pgfcorerdf.code.tex"
File: pgfcorerdf.code.tex 2020/01/08 v3.1.5b (3.1.5b)
))) ("C:\Users\Martin\AppData\Local\Programs\MiKTeX 2.9\tex/generic/pgf/modules\pgfmoduleshapes.code.tex"
File: pgfmoduleshapes.code.tex 2020/01/08 v3.1.5b (3.1.5b)
\pgfnodeparttextbox=\box58
) ("C:\Users\Martin\AppData\Local\Programs\MiKTeX 2.9\tex/generic/pgf/modules\pgfmoduleplot.code.tex"
File: pgfmoduleplot.code.tex 2020/01/08 v3.1.5b (3.1.5b)
)
("C:\Users\Martin\AppData\Local\Programs\MiKTeX 2.9\tex/latex/pgf/compatibility\pgfcomp-version-0-65.sty"
Package: pgfcomp-version-0-65 2020/01/08 v3.1.5b (3.1.5b)
\pgf@nodesepstart=\dimen258
\pgf@nodesepend=\dimen259
) ("C:\Users\Martin\AppData\Local\Programs\MiKTeX 2.9\tex/latex/pgf/compatibility\pgfcomp-version-1-18.sty"
Package: pgfcomp-version-1-18 2020/01/08 v3.1.5b (3.1.5b)
)) ("C:\Users\Martin\AppData\Local\Programs\MiKTeX 2.9\tex/latex/pgf/utilities\pgffor.sty" ("C:\Users\Martin\AppData\Local\Programs\MiKTeX 2.9\tex/latex/pgf/utilities\pgfkeys.sty" ("C:\Users\Martin\AppData\Local\Programs\MiKTeX 2.9\tex/generic/pgf/utilities\pgfkeys.code.tex")) ("C:\Users\Martin\AppData\Local\Programs\MiKTeX 2.9\tex/latex/pgf/math\pgfmath.sty" ("C:\Users\Martin\AppData\Local\Programs\MiKTeX 2.9\tex/generic/pgf/math\pgfmath.code.tex")) ("C:\Users\Martin\AppData\Local\Programs\MiKTeX 2.9\tex/generic/pgf/utilities\pgffor.code.tex"
Package: pgffor 2020/01/08 v3.1.5b (3.1.5b)
 ("C:\Users\Martin\AppData\Local\Programs\MiKTeX 2.9\tex/generic/pgf/math\pgfmath.code.tex")
\pgffor@iter=\dimen260
\pgffor@skip=\dimen261
\pgffor@stack=\toks32
\pgffor@toks=\toks33
)) ("C:\Users\Martin\AppData\Local\Programs\MiKTeX 2.9\tex/generic/pgf/frontendlayer/tikz\tikz.code.tex"
Package: tikz 2020/01/08 v3.1.5b (3.1.5b)
 ("C:\Users\Martin\AppData\Local\Programs\MiKTeX 2.9\tex/generic/pgf/libraries\pgflibraryplothandlers.code.tex"
File: pgflibraryplothandlers.code.tex 2020/01/08 v3.1.5b (3.1.5b)
\pgf@plot@mark@count=\count299
\pgfplotmarksize=\dimen262
)
\tikz@lastx=\dimen263
\tikz@lasty=\dimen264
\tikz@lastxsaved=\dimen265
\tikz@lastysaved=\dimen266
\tikz@lastmovetox=\dimen267
\tikz@lastmovetoy=\dimen268
\tikzleveldistance=\dimen269
\tikzsiblingdistance=\dimen270
\tikz@figbox=\box59
\tikz@figbox@bg=\box60
\tikz@tempbox=\box61
\tikz@tempbox@bg=\box62
\tikztreelevel=\count300
\tikznumberofchildren=\count301
\tikznumberofcurrentchild=\count302
\tikz@fig@count=\count303
 ("C:\Users\Martin\AppData\Local\Programs\MiKTeX 2.9\tex/generic/pgf/modules\pgfmodulematrix.code.tex"
File: pgfmodulematrix.code.tex 2020/01/08 v3.1.5b (3.1.5b)
\pgfmatrixcurrentrow=\count304
\pgfmatrixcurrentcolumn=\count305
\pgf@matrix@numberofcolumns=\count306
)
\tikz@expandcount=\count307
 ("C:\Users\Martin\AppData\Local\Programs\MiKTeX 2.9\tex/generic/pgf/frontendlayer/tikz/libraries\tikzlibrarytopaths.code.tex"
File: tikzlibrarytopaths.code.tex 2020/01/08 v3.1.5b (3.1.5b)
))) ("C:\Users\Martin\AppData\Local\Programs\MiKTeX 2.9\tex/latex/wrapfig\wrapfig.sty"
\wrapoverhang=\dimen271
\WF@size=\dimen272
\c@WF@wrappedlines=\count308
\WF@box=\box63
\WF@everypar=\toks34
Package: wrapfig 2003/01/31  v 3.6
) ("C:\Users\Martin\AppData\Local\Programs\MiKTeX 2.9\tex/latex/geometry\geometry.sty"
Package: geometry 2020/01/02 v5.9 Page Geometry
 ("C:\Users\Martin\AppData\Local\Programs\MiKTeX 2.9\tex/generic/iftex\ifvtex.sty"
Package: ifvtex 2019/10/25 v1.7 ifvtex legacy package. Use iftex instead.
)
\Gm@cnth=\count309
\Gm@cntv=\count310
\c@Gm@tempcnt=\count311
\Gm@bindingoffset=\dimen273
\Gm@wd@mp=\dimen274
\Gm@odd@mp=\dimen275
\Gm@even@mp=\dimen276
\Gm@layoutwidth=\dimen277
\Gm@layoutheight=\dimen278
\Gm@layouthoffset=\dimen279
\Gm@layoutvoffset=\dimen280
\Gm@dimlist=\toks35
 ("C:\Users\Martin\AppData\Local\Programs\MiKTeX 2.9\tex/latex/geometry\geometry.cfg"))
No file main.aux.
\openout1 = `main.aux'.

LaTeX Font Info:    Checking defaults for OML/cmm/m/it on input line 26.
LaTeX Font Info:    ... okay on input line 26.
LaTeX Font Info:    Checking defaults for OMS/cmsy/m/n on input line 26.
LaTeX Font Info:    ... okay on input line 26.
LaTeX Font Info:    Checking defaults for OT1/cmr/m/n on input line 26.
LaTeX Font Info:    ... okay on input line 26.
LaTeX Font Info:    Checking defaults for T1/cmr/m/n on input line 26.
LaTeX Font Info:    ... okay on input line 26.
LaTeX Font Info:    Checking defaults for TS1/cmr/m/n on input line 26.
LaTeX Font Info:    ... okay on input line 26.
LaTeX Font Info:    Checking defaults for OMX/cmex/m/n on input line 26.
LaTeX Font Info:    ... okay on input line 26.
LaTeX Font Info:    Checking defaults for U/cmr/m/n on input line 26.
LaTeX Font Info:    ... okay on input line 26.
LaTeX Font Info:    Checking defaults for PD1/pdf/m/n on input line 26.
LaTeX Font Info:    ... okay on input line 26.
LaTeX Font Info:    Trying to load font information for T1+ptm on input line 26.
("C:\Users\Martin\AppData\Local\Programs\MiKTeX 2.9\tex/latex/psnfss\t1ptm.fd"
File: t1ptm.fd 2001/06/04 font definitions for T1/ptm.
)
\symgns@font=\mathgroup6
LaTeX Font Info:    Overwriting symbol font `gns@font' in version `bold'
(Font)                  TS1/ptm/m/n --> TS1/ptm/b/n on input line 26.
Package gensymb Info: Math companion symbols declared on input line 26.
LaTeX Info: Redefining \degree on input line 26.
LaTeX Info: Redefining \celsius on input line 26.
Package gensymb Info: Using text companion symbols for \degree, \celsius and \perthousand on input line 26.
LaTeX Info: Redefining \ohm on input line 26.
Package gensymb Info: Using \textohm for \ohm on input line 26.
Package gensymb Info: Using \textmu for \micro on input line 26.
\AtBeginShipoutBox=\box64
Package hyperref Info: Link coloring OFF on input line 26.
 ("C:\Users\Martin\AppData\Local\Programs\MiKTeX 2.9\tex/latex/hyperref\nameref.sty"
Package: nameref 2019/09/16 v2.46 Cross-referencing by name of section
 ("C:\Users\Martin\AppData\Local\Programs\MiKTeX 2.9\tex/latex/refcount\refcount.sty"
Package: refcount 2019/12/15 v3.6 Data extraction from label references (HO)
) ("C:\Users\Martin\AppData\Local\Programs\MiKTeX 2.9\tex/generic/gettitlestring\gettitlestring.sty"
Package: gettitlestring 2019/12/15 v1.6 Cleanup title references (HO)
)
\c@section@level=\count312
)
LaTeX Info: Redefining \ref on input line 26.
LaTeX Info: Redefining \pageref on input line 26.
LaTeX Info: Redefining \nameref on input line 26.
\@outlinefile=\write4
\openout4 = `main.out'.

 ("C:\Users\Martin\AppData\Local\Programs\MiKTeX 2.9\tex/context/base/mkii\supp-pdf.mkii"
[Loading MPS to PDF converter (version 2006.09.02).]
\scratchcounter=\count313
\scratchdimen=\dimen281
\scratchbox=\box65
\nofMPsegments=\count314
\nofMParguments=\count315
\everyMPshowfont=\toks36
\MPscratchCnt=\count316
\MPscratchDim=\dimen282
\MPnumerator=\count317
\makeMPintoPDFobject=\count318
\everyMPtoPDFconversion=\toks37
) ("C:\Users\Martin\AppData\Local\Programs\MiKTeX 2.9\tex/latex/epstopdf-pkg\epstopdf-base.sty"
Package: epstopdf-base 2020-01-24 v2.11 Base part for package epstopdf
Package epstopdf-base Info: Redefining graphics rule for `.eps' on input line 485.
)

Package chemgreek Info: Activating mapping `default' on line 26.

Package caption Info: Begin \AtBeginDocument code.
Package caption Info: longtable package is loaded.
 ("C:\Users\Martin\AppData\Local\Programs\MiKTeX 2.9\tex/latex/caption\ltcaption.sty"
Package: ltcaption 2018/08/26 v1.4a longtable captions (AR)
)
Package caption Info: wrapfig package is loaded.
Package caption Info: End \AtBeginDocument code.
 ABD: EveryShipout initializing macros
*geometry* driver: auto-detecting
*geometry* detected driver: pdftex
*geometry* verbose mode - [ preamble ] result:
* driver: pdftex
* paper: a4paper
* layout: <same size as paper>
* layoutoffset:(h,v)=(0.0pt,0.0pt)
* modes: 
* h-part:(L,W,R)=(56.9055pt, 483.69687pt, 56.9055pt)
* v-part:(T,H,B)=(56.9055pt, 731.23584pt, 56.9055pt)
* \paperwidth=597.50787pt
* \paperheight=845.04684pt
* \textwidth=483.69687pt
* \textheight=731.23584pt
* \oddsidemargin=-15.36449pt
* \evensidemargin=-15.36449pt
* \topmargin=-52.36449pt
* \headheight=12.0pt
* \headsep=25.0pt
* \topskip=12.0pt
* \footskip=30.0pt
* \marginparwidth=35.0pt
* \marginparsep=10.0pt
* \columnsep=10.0pt
* \skip\footins=10.8pt plus 4.0pt minus 2.0pt
* \hoffset=0.0pt
* \voffset=0.0pt
* \mag=1000
* \@twocolumnfalse
* \@twosidefalse
* \@mparswitchfalse
* \@reversemarginfalse
* (1in=72.27pt=25.4mm, 1cm=28.453pt)

LaTeX Font Info:    Trying to load font information for U+msa on input line 31.
("C:\Users\Martin\AppData\Local\Programs\MiKTeX 2.9\tex/latex/amsfonts\umsa.fd"
File: umsa.fd 2013/01/14 v3.01 AMS symbols A
)
LaTeX Font Info:    Trying to load font information for U+msb on input line 31.
 ("C:\Users\Martin\AppData\Local\Programs\MiKTeX 2.9\tex/latex/amsfonts\umsb.fd"
File: umsb.fd 2013/01/14 v3.01 AMS symbols B
)
LaTeX Font Info:    Trying to load font information for TS1+ptm on input line 31.
 ("C:\Users\Martin\AppData\Local\Programs\MiKTeX 2.9\tex/latex/psnfss\ts1ptm.fd"
File: ts1ptm.fd 2001/06/04 font definitions for TS1/ptm.
) [1

{C:/Users/Martin/AppData/Local/MiKTeX/2.9/pdftex/config/pdftex.map}]
\tf@toc=\write5
\openout5 = `main.toc'.

pdfTeX warning (ext4): destination with the same identifier (name{page.1}) has been already used, duplicate ignored
<to be read again> 
                   \relax 
l.33 \listoffigures
                    [1

]
\tf@lof=\write6
\openout6 = `main.lof'.

 [2

]
\tf@lot=\write7
\openout7 = `main.lot'.

 [3

]
Chapter 1.
[4

] (Chapitre_2/chapitre_2.tex
Chapter 2.

LaTeX Warning: Citation `thermoApp_1' on page 5 undefined on input line 15.

[5

]

LaTeX Warning: Citation `Nist' on page 6 undefined on input line 31.


LaTeX Font Warning: Command \normalsize invalid in math mode on input line 51.


LaTeX Font Warning: Command \normalsize invalid in math mode on input line 51.

[6]

LaTeX Warning: Reference `sect:C2_Sys' on page 7 undefined on input line 55.


LaTeX Warning: Citation `thermoApp_2' on page 7 undefined on input line 55.


LaTeX Font Warning: Command \normalsize invalid in math mode on input line 65.


LaTeX Font Warning: Command \normalsize invalid in math mode on input line 74.


LaTeX Font Warning: Command \normalsize invalid in math mode on input line 74.


LaTeX Warning: Reference `sect:C2_Sys' on page 7 undefined on input line 78.

[7]

LaTeX Warning: Citation `GregoryNellis2015' on page 8 undefined on input line 81.


LaTeX Warning: Reference `eq:C2_EB' on page 8 undefined on input line 94.


LaTeX Font Warning: Command \normalsize invalid in math mode on input line 96.


LaTeX Warning: Reference `eq:C2_PB' on page 8 undefined on input line 101.


LaTeX Font Warning: Command \normalsize invalid in math mode on input line 103.

[8]) (Chapitre_2_5/chapitre_2_5.tex [9]
Chapter 3.

LaTeX Warning: Reference `C2' on page 10 undefined on input line 15.


LaTeX Font Warning: Command \normalsize invalid in math mode on input line 18.


LaTeX Warning: Reference `eq:C2_5_EB' on page 10 undefined on input line 23.


LaTeX Font Warning: Command \normalsize invalid in math mode on input line 25.


LaTeX Warning: Citation `Dewallef2019' on page 10 undefined on input line 26.


LaTeX Warning: Reference `eq:C2_5_EBC' on page 10 undefined on input line 30.


LaTeX Warning: Reference `eq:C2_5_EBO' on page 10 undefined on input line 30.


LaTeX Font Warning: Command \normalsize invalid in math mode on input line 32.

[10

]
<Chapitre_2_5/Images/control_volume.png, id=89, 281.48862pt x 121.15852pt>
File: Chapitre_2_5/Images/control_volume.png Graphic file (type png)
<use Chapitre_2_5/Images/control_volume.png>
Package pdftex.def Info: Chapitre_2_5/Images/control_volume.png  used on input line 38.
(pdftex.def)             Requested size: 338.58632pt x 145.74445pt.


LaTeX Warning: Citation `Dewallef2019' on page 11 undefined on input line 39.


LaTeX Warning: Citation `Dewallef2019' on page 11 undefined on input line 39.


LaTeX Warning: Reference `fig:C2_5_VC' on page 11 undefined on input line 43.


LaTeX Font Warning: Command \normalsize invalid in math mode on input line 45.


LaTeX Warning: Reference `eq:C2_5_EBH' on page 11 undefined on input line 50.


LaTeX Font Warning: Command \normalsize invalid in math mode on input line 52.


LaTeX Warning: Reference `eq:C2_5_GP' on page 11 undefined on input line 57.


LaTeX Warning: Reference `eq:C2_5_h' on page 11 undefined on input line 57.


LaTeX Font Warning: Command \normalsize invalid in math mode on input line 59.

[11 <./Chapitre_2_5/Images/control_volume.png>]

LaTeX Warning: Reference `eq:C2_5_UC' on page 12 undefined on input line 74.


LaTeX Font Warning: Command \normalsize invalid in math mode on input line 77.


LaTeX Font Warning: Command \normalsize invalid in math mode on input line 84.


LaTeX Warning: Reference `eq:C2_5_h' on page 12 undefined on input line 88.


LaTeX Font Warning: Command \normalsize invalid in math mode on input line 90.


LaTeX Warning: Reference `eq:C2_5_k' on page 12 undefined on input line 94.


LaTeX Font Warning: Command \normalsize invalid in math mode on input line 96.

<Chapitre_2_5/Images/Carnot_schema.png, id=102, 319.48628pt x 165.25153pt>
File: Chapitre_2_5/Images/Carnot_schema.png Graphic file (type png)
<use Chapitre_2_5/Images/Carnot_schema.png>
Package pdftex.def Info: Chapitre_2_5/Images/Carnot_schema.png  used on input line 107.
(pdftex.def)             Requested size: 338.58632pt x 175.13803pt.

LaTeX Warning: Citation `2015' on page 12 undefined on input line 108.


LaTeX Warning: Citation `2015' on page 12 undefined on input line 108.


LaTeX Warning: `h' float specifier changed to `ht'.


LaTeX Warning: Reference `fig:C2_5_Carnot' on page 12 undefined on input line 111.


LaTeX Warning: Reference `fig:C2_5_Carnot' on page 12 undefined on input line 115.


LaTeX Warning: Reference `fig:C2_5_Carnot' on page 12 undefined on input line 116.


LaTeX Warning: Reference `fig:C2_5_Carnot' on page 12 undefined on input line 117.


LaTeX Warning: Reference `fig:C2_5_Carnot' on page 12 undefined on input line 118.


LaTeX Warning: Reference `fig:C2_5_CarnotPV' on page 12 undefined on input line 121.

<Chapitre_2_5/Images/Carnot_PV.png, id=103, 145.42134pt x 123.16747pt>
File: Chapitre_2_5/Images/Carnot_PV.png Graphic file (type png)
<use Chapitre_2_5/Images/Carnot_PV.png>
Package pdftex.def Info: Chapitre_2_5/Images/Carnot_PV.png  used on input line 124.
(pdftex.def)             Requested size: 241.84843pt x 204.85822pt.

LaTeX Warning: Citation `2015' on page 12 undefined on input line 125.


LaTeX Warning: Citation `2015' on page 12 undefined on input line 125.

[12]

LaTeX Font Warning: Command \normalsize invalid in math mode on input line 132.


LaTeX Font Warning: Command \normalsize invalid in math mode on input line 139.

[13 <./Chapitre_2_5/Images/Carnot_schema.png (PNG copy)> <./Chapitre_2_5/Images/Carnot_PV.png>]

LaTeX Warning: Citation `2015' on page 14 undefined on input line 147.


LaTeX Font Warning: Command \normalsize invalid in math mode on input line 149.


LaTeX Warning: Reference `eq:C2_5_cyc' on page 14 undefined on input line 155.


LaTeX Warning: Reference `eq:C2_5_S' on page 14 undefined on input line 155.


LaTeX Font Warning: Command \normalsize invalid in math mode on input line 157.


LaTeX Warning: Citation `Dewallef2019' on page 14 undefined on input line 160.

<Chapitre_2_5/Images/Carnot_TS.png, id=124, 150.48906pt x 135.94691pt>
File: Chapitre_2_5/Images/Carnot_TS.png Graphic file (type png)
<use Chapitre_2_5/Images/Carnot_TS.png>
Package pdftex.def Info: Chapitre_2_5/Images/Carnot_TS.png  used on input line 165.
(pdftex.def)             Requested size: 241.84843pt x 218.48409pt.

LaTeX Warning: Citation `2015' on page 14 undefined on input line 166.


LaTeX Warning: Citation `2015' on page 14 undefined on input line 166.

[14 <./Chapitre_2_5/Images/Carnot_TS.png>]

LaTeX Warning: Reference `fig:C2_5_CarnotTS' on page 15 undefined on input line 176.

<Chapitre_2_5/Images/isoT.png, id=135, 160.5633pt x 242.49683pt>
File: Chapitre_2_5/Images/isoT.png Graphic file (type png)
<use Chapitre_2_5/Images/isoT.png>
Package pdftex.def Info: Chapitre_2_5/Images/isoT.png  used on input line 186.
(pdftex.def)             Requested size: 160.56288pt x 242.49623pt.

LaTeX Warning: Citation `2015' on page 15 undefined on input line 187.


LaTeX Warning: Citation `2015' on page 15 undefined on input line 187.


LaTeX Warning: Reference `fig:C2_5_isoT' on page 15 undefined on input line 192.


LaTeX Warning: Reference `eq:C2_GP' on page 15 undefined on input line 192.


LaTeX Warning: Reference `eq:C2_5_isoT' on page 15 undefined on input line 192.

[15 <./Chapitre_2_5/Images/isoT.png>]

LaTeX Warning: Reference `eq:C2_5_WbisoT' on page 16 undefined on input line 204.


LaTeX Font Warning: Command \normalsize invalid in math mode on input line 209.


LaTeX Font Warning: Command \normalsize invalid in math mode on input line 209.

<Chapitre_2_5/Images/isoP.png, id=146, 160.5633pt x 229.94249pt>
File: Chapitre_2_5/Images/isoP.png Graphic file (type png)
<use Chapitre_2_5/Images/isoP.png>
Package pdftex.def Info: Chapitre_2_5/Images/isoP.png  used on input line 213.
(pdftex.def)             Requested size: 160.56288pt x 229.94193pt.

LaTeX Warning: Citation `2015' on page 16 undefined on input line 214.


LaTeX Warning: Citation `2015' on page 16 undefined on input line 214.


LaTeX Warning: Reference `fig:C2_5_isoB' on page 16 undefined on input line 217.

[16 <./Chapitre_2_5/Images/isoP.png>]
<Chapitre_2_5/Images/poly.png, id=156, 155.93802pt x 241.83607pt>
File: Chapitre_2_5/Images/poly.png Graphic file (type png)
<use Chapitre_2_5/Images/poly.png>
Package pdftex.def Info: Chapitre_2_5/Images/poly.png  used on input line 234.
(pdftex.def)             Requested size: 155.93764pt x 241.83548pt.


LaTeX Warning: Citation `2015' on page 17 undefined on input line 235.


LaTeX Warning: Citation `2015' on page 17 undefined on input line 235.


LaTeX Warning: Reference `fig:C2_5_poly' on page 17 undefined on input line 238.


LaTeX Warning: Reference `eq:C2_5_poly' on page 17 undefined on input line 238.


LaTeX Warning: Reference `eq:C2_5_isrel' on page 17 undefined on input line 257.

[17 <./Chapitre_2_5/Images/poly.png>]

LaTeX Warning: Reference `eq:C2_5_Deltas' on page 18 undefined on input line 263.

Chapitre_2_5/chapitre_2_5.tex:272: Double subscript.
<argument> T_1-T_T_
                   1-T_{2,is}
l.272 ...{is}=\frac{T_1-T_{2}}{T_1-T_T_1-T_{2,is}}
                                                  =\frac{h_1-h_{2}}{h_1-h_{2...
I treat `x_1_2' essentially like `x_1{}_2'.


LaTeX Warning: Citation `2015' on page 18 undefined on input line 284.


LaTeX Warning: Reference `eq:C2_5_Gibbs' on page 18 undefined on input line 286.


LaTeX Font Warning: Command \normalsize invalid in math mode on input line 311.


LaTeX Font Warning: Command \normalsize invalid in math mode on input line 311.


LaTeX Warning: Reference `eq:C2_5_partMax' on page 18 undefined on input line 313.


LaTeX Warning: Reference `eq:C2_5_Gibbs1' on page 18 undefined on input line 313.


LaTeX Warning: Reference `eq:C2_5_Gibbs4' on page 18 undefined on input line 313.

[18]

LaTeX Warning: Reference `eq:C2_5_Max' on page 19 undefined on input line 330.


LaTeX Warning: Citation `2015' on page 19 undefined on input line 332.


LaTeX Warning: Citation `Bell2014' on page 19 undefined on input line 334.


LaTeX Warning: Reference `eq:C2_5_Gibbs1' on page 19 undefined on input line 336.


LaTeX Warning: Reference `eq:C2_5_Gibbs4' on page 19 undefined on input line 336.


LaTeX Warning: Reference `eq:C2_5_ds' on page 19 undefined on input line 336.


LaTeX Warning: Reference `eq:C2_5_UP' on page 19 undefined on input line 340.


LaTeX Warning: Reference `eq:C2_5_GP' on page 19 undefined on input line 340.

[19]

LaTeX Warning: Reference `eq:C2_5_r' on page 20 undefined on input line 350.


LaTeX Warning: Reference `eq:C2_5_k' on page 20 undefined on input line 350.

) [20] (Chapitre_3/chapitre_3.tex
Chapter 4.

LaTeX Warning: Citation `Hillewaert2019' on page 21 undefined on input line 18.

[21

]
<Chapitre_3/Images/Frames.png, id=209, 2099.845pt x 1630.09pt>
File: Chapitre_3/Images/Frames.png Graphic file (type png)
<use Chapitre_3/Images/Frames.png>
Package pdftex.def Info: Chapitre_3/Images/Frames.png  used on input line 41.
(pdftex.def)             Requested size: 290.22107pt x 225.27602pt.


LaTeX Warning: Reference `fig:C3_frames' on page 22 undefined on input line 46.


LaTeX Warning: Reference `eq:C3_velocity' on page 22 undefined on input line 47.

[22 <./Chapitre_3/Images/Frames.png>]

LaTeX Font Warning: Command \normalsize invalid in math mode on input line 50.


LaTeX Warning: Reference `fig:C3_vtriang' on page 23 undefined on input line 54.

<Chapitre_3/Images/Vtriangle.png, id=220, 299.6796pt x 99.4917pt>
File: Chapitre_3/Images/Vtriangle.png Graphic file (type png)
<use Chapitre_3/Images/Vtriangle.png>
Package pdftex.def Info: Chapitre_3/Images/Vtriangle.png  used on input line 58.
(pdftex.def)             Requested size: 290.22107pt x 96.35803pt.

LaTeX Font Warning: Command \normalsize invalid in math mode on input line 71.


LaTeX Font Warning: Command \normalsize invalid in math mode on input line 82.


LaTeX Warning: Reference `eq:C3_i0' on page 23 undefined on input line 86.


LaTeX Warning: Reference `eq:C3_Euler' on page 23 undefined on input line 86.

[23 <./Chapitre_3/Images/Vtriangle.png>]

LaTeX Font Warning: Command \normalsize invalid in math mode on input line 92.


LaTeX Font Warning: Command \normalsize invalid in math mode on input line 92.


LaTeX Warning: Reference `eq:C3_icons' on page 24 undefined on input line 94.


LaTeX Font Warning: Command \normalsize invalid in math mode on input line 97.


LaTeX Warning: Reference `eq:C3_vinc' on page 24 undefined on input line 101.


LaTeX Warning: Reference `eq:C3_winc' on page 24 undefined on input line 101.

[24]

LaTeX Warning: Reference `eq:C3_Pinc' on page 25 undefined on input line 132.


LaTeX Warning: Reference `eq:C3_DHp' on page 25 undefined on input line 145.


LaTeX Warning: Reference `eq:C3_Pe' on page 25 undefined on input line 145.


LaTeX Warning: Reference `fig:C3_MapPump' on page 25 undefined on input line 156.

<Chapitre_3/Images/char_map_pump.png, id=246, 486.18pt x 153.98438pt>
File: Chapitre_3/Images/char_map_pump.png Graphic file (type png)
<use Chapitre_3/Images/char_map_pump.png>
Package pdftex.def Info: Chapitre_3/Images/char_map_pump.png  used on input line 159.
(pdftex.def)             Requested size: 386.95897pt x 122.56265pt.

LaTeX Warning: Citation `Hillewaert2019' on page 25 undefined on input line 160.


LaTeX Warning: Citation `Hillewaert2019' on page 25 undefined on input line 160.


LaTeX Warning: `h' float specifier changed to `ht'.

[25]

LaTeX Warning: Reference `eq:C3_phipump' on page 26 undefined on input line 175.


LaTeX Warning: Reference `eq:C3_psipump' on page 26 undefined on input line 175.


LaTeX Warning: Reference `eq:C3_Qsim' on page 26 undefined on input line 179.


LaTeX Warning: Reference `eq:C3_DHsim' on page 26 undefined on input line 179.


LaTeX Warning: Citation `Hillewaert2019' on page 26 undefined on input line 220.

[26 <./Chapitre_3/Images/char_map_pump.png (PNG copy)>]

LaTeX Warning: Reference `eq:C3_Euler' on page 27 undefined on input line 224.


LaTeX Warning: Reference `fig:C3_vtriang' on page 27 undefined on input line 224.


LaTeX Warning: Reference `eq:C3_TT0_1' on page 27 undefined on input line 237.


LaTeX Warning: Reference `eq:C2_isrelPT' on page 27 undefined on input line 241.


LaTeX Warning: Reference `eq:C2_isrelrhoT' on page 27 undefined on input line 241.

[27]

LaTeX Warning: Reference `eq:C3_Pimap' on page 28 undefined on input line 278.


LaTeX Warning: Reference `eq:C3_etamap' on page 28 undefined on input line 278.


LaTeX Warning: Reference `fig:C3_compstage' on page 28 undefined on input line 293.

<Chapitre_3/Images/Comp_stage.png, id=284, 368.94656pt x 194.22563pt>
File: Chapitre_3/Images/Comp_stage.png Graphic file (type png)
<use Chapitre_3/Images/Comp_stage.png>
Package pdftex.def Info: Chapitre_3/Images/Comp_stage.png  used on input line 297.
(pdftex.def)             Requested size: 241.84843pt x 127.318pt.

LaTeX Warning: Citation `Hillewaert2019' on page 28 undefined on input line 298.


LaTeX Warning: Citation `Hillewaert2019' on page 28 undefined on input line 298.


LaTeX Warning: `h' float specifier changed to `ht'.


LaTeX Warning: Reference `fig:C3_Molliercomp' on page 28 undefined on input line 305.

<Chapitre_3/Images/Comp_mollier.png, id=285, 293.80219pt x 331.37437pt>
File: Chapitre_3/Images/Comp_mollier.png Graphic file (type png)
<use Chapitre_3/Images/Comp_mollier.png>
Package pdftex.def Info: Chapitre_3/Images/Comp_mollier.png  used on input line 309.
(pdftex.def)             Requested size: 241.84843pt x 272.78047pt.

LaTeX Warning: Citation `Hillewaert2019' on page 28 undefined on input line 310.


LaTeX Warning: Citation `Hillewaert2019' on page 28 undefined on input line 310.


LaTeX Warning: `h' float specifier changed to `ht'.


LaTeX Warning: Reference `fig:C3_compstage' on page 28 undefined on input line 314.


LaTeX Warning: Reference `eq:C3_i0' on page 28 undefined on input line 317.


LaTeX Warning: Reference `eq:C3_h0' on page 28 undefined on input line 317.


LaTeX Warning: Reference `eq:C3_PP0' on page 28 undefined on input line 317.

[28]

LaTeX Warning: Reference `eq:C3_i0' on page 29 undefined on input line 320.


LaTeX Warning: Citation `Hillewaert2019' on page 29 undefined on input line 320.


LaTeX Warning: Reference `eq:C3_h0' on page 29 undefined on input line 324.


LaTeX Warning: Reference `C2:Isen_eff' on page 29 undefined on input line 326.

[29 <./Chapitre_3/Images/Comp_stage.png> <./Chapitre_3/Images/Comp_mollier.png>]

LaTeX Warning: Reference `fig:C3_compmap' on page 30 undefined on input line 330.

<Chapitre_3/Images/Comp_Map.png, id=304, 225.76381pt x 161.1685pt>
File: Chapitre_3/Images/Comp_Map.png Graphic file (type png)
<use Chapitre_3/Images/Comp_Map.png>
Package pdftex.def Info: Chapitre_3/Images/Comp_Map.png  used on input line 333.
(pdftex.def)             Requested size: 290.22107pt x 207.19502pt.

LaTeX Warning: Citation `Ghorbanian2009' on page 30 undefined on input line 334.


LaTeX Warning: Citation `Ghorbanian2009' on page 30 undefined on input line 334.


LaTeX Warning: Citation `Ghorbanian2009' on page 30 undefined on input line 342.


LaTeX Warning: Citation `Hillewaert2019' on page 30 undefined on input line 344.


LaTeX Warning: Reference `eq:C3_sim' on page 30 undefined on input line 346.

[30 <./Chapitre_3/Images/Comp_Map.png>]

LaTeX Warning: Reference `fig:C3_turbstage' on page 31 undefined on input line 352.

<Chapitre_3/Images/Turb_stage.png, id=314, 313.68256pt x 187.28694pt>
File: Chapitre_3/Images/Turb_stage.png Graphic file (type png)
<use Chapitre_3/Images/Turb_stage.png>
Package pdftex.def Info: Chapitre_3/Images/Turb_stage.png  used on input line 355.
(pdftex.def)             Requested size: 241.84843pt x 144.39998pt.

LaTeX Warning: Citation `Hillewaert2019' on page 31 undefined on input line 356.


LaTeX Warning: Citation `Hillewaert2019' on page 31 undefined on input line 356.


LaTeX Warning: Reference `fig:C3_Mollierturb' on page 31 undefined on input line 361.


LaTeX Warning: Reference `eq:C3_i0' on page 31 undefined on input line 372.


LaTeX Warning: Reference `fig:C3_turbstage' on page 31 undefined on input line 372.


LaTeX Warning: Citation `Hillewaert2019' on page 31 undefined on input line 374.

[31 <./Chapitre_3/Images/Turb_stage.png>]
<Chapitre_3/Images/Turb_mollier.png, id=323, 175.90825pt x 190.36226pt>
File: Chapitre_3/Images/Turb_mollier.png Graphic file (type png)
<use Chapitre_3/Images/Turb_mollier.png>
Package pdftex.def Info: Chapitre_3/Images/Turb_mollier.png  used on input line 379.
(pdftex.def)             Requested size: 241.84843pt x 261.7213pt.


LaTeX Warning: Citation `Hillewaert2019' on page 32 undefined on input line 380.


LaTeX Warning: Citation `Hillewaert2019' on page 32 undefined on input line 380.


LaTeX Warning: Reference `fig:C3_turbmap' on page 32 undefined on input line 400.

<Chapitre_3/Images/Turb_Map.png, id=324, 656.2604pt x 162.7092pt>
File: Chapitre_3/Images/Turb_Map.png Graphic file (type png)
<use Chapitre_3/Images/Turb_Map.png>
Package pdftex.def Info: Chapitre_3/Images/Turb_Map.png  used on input line 404.
(pdftex.def)             Requested size: 483.69687pt x 119.92622pt.
[32 <./Chapitre_3/Images/Turb_mollier.png>]

LaTeX Warning: Reference `fig:C3_turbmap' on page 33 undefined on input line 409.

[33 <./Chapitre_3/Images/Turb_Map.png (PNG copy)>]

LaTeX Warning: Reference `eq:C3_chem' on page 34 undefined on input line 429.


LaTeX Warning: Reference `eq:C3_chem' on page 34 undefined on input line 436.

[34]

LaTeX Warning: Reference `eq:C3_chem' on page 35 undefined on input line 439.


LaTeX Warning: Reference `eq:C3_chem' on page 35 undefined on input line 450.


LaTeX Warning: Reference `eq:C3_lbd' on page 35 undefined on input line 463.


LaTeX Warning: Reference `eq:C3_chem' on page 35 undefined on input line 469.

[35]

LaTeX Warning: Reference `eq:C3_sysab' on page 36 undefined on input line 480.

[36]

LaTeX Warning: Citation `Leonard2018' on page 37 undefined on input line 495.

[37]

LaTeX Warning: Reference `eq:C3_chemgeng0' on page 38 undefined on input line 516.


LaTeX Warning: Reference `eq:C3_chemgeng1' on page 38 undefined on input line 516.


LaTeX Warning: Reference `eq:C3_chemgeng0' on page 38 undefined on input line 517.


LaTeX Warning: Reference `eq:C3_chemgeng1' on page 38 undefined on input line 517.


Overfull \hbox (3.85805pt too wide) detected at line 523
[] []
 []


LaTeX Warning: Reference `eq:C3_sysab2' on page 38 undefined on input line 524.

[38]

LaTeX Warning: Citation `Ngendakumana2018' on page 39 undefined on input line 556.


LaTeX Warning: Reference `fig:C3_HX' on page 39 undefined on input line 568.

<Chapitre_3/Images/HX_fin_plate.png, id=389, 155.60478pt x 95.69545pt>
File: Chapitre_3/Images/HX_fin_plate.png Graphic file (type png)
<use Chapitre_3/Images/HX_fin_plate.png>
Package pdftex.def Info: Chapitre_3/Images/HX_fin_plate.png  used on input line 571.
(pdftex.def)             Requested size: 193.47578pt x 118.99258pt.

LaTeX Warning: Citation `Ngendakumana2018' on page 39 undefined on input line 571.


LaTeX Warning: Citation `Ngendakumana2018' on page 39 undefined on input line 571.

<Chapitre_3/Images/HX_fin_tube.png, id=390, 155.60478pt x 95.69545pt>
File: Chapitre_3/Images/HX_fin_tube.png Graphic file (type png)
<use Chapitre_3/Images/HX_fin_tube.png>
Package pdftex.def Info: Chapitre_3/Images/HX_fin_tube.png  used on input line 572.
(pdftex.def)             Requested size: 193.47578pt x 118.99258pt.

LaTeX Warning: Citation `Ngendakumana2018' on page 39 undefined on input line 572.


LaTeX Warning: Citation `Ngendakumana2018' on page 39 undefined on input line 572.

<Chapitre_3/Images/HX_brased_plate.png, id=391, 155.60478pt x 95.69545pt>
File: Chapitre_3/Images/HX_brased_plate.png Graphic file (type png)
<use Chapitre_3/Images/HX_brased_plate.png>
Package pdftex.def Info: Chapitre_3/Images/HX_brased_plate.png  used on input line 573.
(pdftex.def)             Requested size: 193.47578pt x 118.99258pt.

LaTeX Warning: Citation `Ngendakumana2018' on page 39 undefined on input line 573.


LaTeX Warning: Citation `Ngendakumana2018' on page 39 undefined on input line 573.

<Chapitre_3/Images/parallele_flow.png, id=392, 126.79646pt x 47.84772pt>
File: Chapitre_3/Images/parallele_flow.png Graphic file (type png)
<use Chapitre_3/Images/parallele_flow.png>
Package pdftex.def Info: Chapitre_3/Images/parallele_flow.png  used on input line 588.
(pdftex.def)             Requested size: 193.47578pt x 73.01765pt.

LaTeX Warning: Citation `Ngendakumana2018' on page 39 undefined on input line 589.


LaTeX Warning: Citation `Ngendakumana2018' on page 39 undefined on input line 589.

[39 <./Chapitre_3/Images/HX_fin_plate.png (PNG copy)> <./Chapitre_3/Images/HX_fin_tube.png> <./Chapitre_3/Images/HX_brased_plate.png (PNG copy)>]
<Chapitre_3/Images/opposite_flow.png, id=399, 126.79646pt x 47.84772pt>
File: Chapitre_3/Images/opposite_flow.png Graphic file (type png)
<use Chapitre_3/Images/opposite_flow.png>
Package pdftex.def Info: Chapitre_3/Images/opposite_flow.png  used on input line 597.
(pdftex.def)             Requested size: 193.47578pt x 73.01765pt.


LaTeX Warning: Citation `Ngendakumana2018' on page 40 undefined on input line 598.


LaTeX Warning: Citation `Ngendakumana2018' on page 40 undefined on input line 598.

<Chapitre_3/Images/crossed_flow_non_mixed.png, id=400, 107.65738pt x 82.53732pt>
File: Chapitre_3/Images/crossed_flow_non_mixed.png Graphic file (type png)
<use Chapitre_3/Images/crossed_flow_non_mixed.png>
Package pdftex.def Info: Chapitre_3/Images/crossed_flow_non_mixed.png  used on input line 606.
(pdftex.def)             Requested size: 193.47578pt x 148.33153pt.

LaTeX Warning: Citation `Ngendakumana2018' on page 40 undefined on input line 607.


LaTeX Warning: Citation `Ngendakumana2018' on page 40 undefined on input line 607.

[40 <./Chapitre_3/Images/parallele_flow.png> <./Chapitre_3/Images/opposite_flow.png> <./Chapitre_3/Images/crossed_flow_non_mixed.png>]
<Chapitre_3/Images/crossed_flow_one_mixed.png, id=412, 107.65738pt x 82.53732pt>
File: Chapitre_3/Images/crossed_flow_one_mixed.png Graphic file (type png)
<use Chapitre_3/Images/crossed_flow_one_mixed.png>
Package pdftex.def Info: Chapitre_3/Images/crossed_flow_one_mixed.png  used on input line 615.
(pdftex.def)             Requested size: 193.47578pt x 148.33153pt.


LaTeX Warning: Citation `Ngendakumana2018' on page 41 undefined on input line 616.


LaTeX Warning: Citation `Ngendakumana2018' on page 41 undefined on input line 616.


LaTeX Warning: Reference `fig:C3_Tprof' on page 41 undefined on input line 623.

<Chapitre_3/Images/parallele_flow_T.png, id=413, 163.38004pt x 106.3615pt>
File: Chapitre_3/Images/parallele_flow_T.png Graphic file (type png)
<use Chapitre_3/Images/parallele_flow_T.png>
Package pdftex.def Info: Chapitre_3/Images/parallele_flow_T.png  used on input line 627.
(pdftex.def)             Requested size: 217.66211pt x 141.70242pt.

LaTeX Warning: Citation `Ngendakumana2018' on page 41 undefined on input line 627.


LaTeX Warning: Citation `Ngendakumana2018' on page 41 undefined on input line 627.

<Chapitre_3/Images/opposite_flow_T.png, id=414, 163.38004pt x 106.3615pt>
File: Chapitre_3/Images/opposite_flow_T.png Graphic file (type png)
<use Chapitre_3/Images/opposite_flow_T.png>
Package pdftex.def Info: Chapitre_3/Images/opposite_flow_T.png  used on input line 628.
(pdftex.def)             Requested size: 217.66211pt x 141.70242pt.

LaTeX Warning: Citation `Ngendakumana2018' on page 41 undefined on input line 628.


LaTeX Warning: Citation `Ngendakumana2018' on page 41 undefined on input line 628.


LaTeX Font Warning: Command \normalsize invalid in math mode on input line 636.


LaTeX Font Warning: Command \normalsize invalid in math mode on input line 646.


LaTeX Warning: Reference `eq:C3_Qdot1' on page 41 undefined on input line 655.

[41 <./Chapitre_3/Images/crossed_flow_one_mixed.png> <./Chapitre_3/Images/parallele_flow_T.png> <./Chapitre_3/Images/opposite_flow_T.png>]

LaTeX Warning: Reference `eq:C3_h' on page 42 undefined on input line 671.


LaTeX Warning: Citation `Ngendakumana2018' on page 42 undefined on input line 675.

[42]

LaTeX Warning: Citation `Ngendakumana2018' on page 43 undefined on input line 687.


LaTeX Warning: Reference `eq:C3_ThQ' on page 43 undefined on input line 702.


LaTeX Warning: Reference `eq:C3_TcQ' on page 43 undefined on input line 702.


LaTeX Warning: Reference `eq:C3_Qdot1' on page 43 undefined on input line 713.

[43]

LaTeX Warning: Reference `annex_epsNTU' on page 44 undefined on input line 730.


LaTeX Warning: Citation `GregoryNellis2015' on page 44 undefined on input line 730.


LaTeX Warning: Citation `GregoryNellis2015' on page 44 undefined on input line 732.


LaTeX Warning: Reference `eq:C3_ThQ' on page 44 undefined on input line 738.


LaTeX Warning: Reference `eq:C3_TcQ' on page 44 undefined on input line 738.


LaTeX Warning: Reference `eq:C3_NTU' on page 44 undefined on input line 745.


LaTeX Warning: Citation `Ngendakumana2018' on page 44 undefined on input line 745.

[44]

LaTeX Warning: Reference `eq:C3_AU_prop' on page 45 undefined on input line 749.

[45]) [46] (Chapitre_4/chapitre_4.tex
Chapter 5.

LaTeX Warning: Reference `fig:C4_BraytonGT' on page 47 undefined on input line 16.

<Chapitre_4/Images/GT.png, id=473, 402.50375pt x 189.70876pt>
File: Chapitre_4/Images/GT.png Graphic file (type png)
<use Chapitre_4/Images/GT.png>
Package pdftex.def Info: Chapitre_4/Images/GT.png  used on input line 20.
(pdftex.def)             Requested size: 241.84843pt x 113.98822pt.

LaTeX Warning: Reference `fig:C4_BraytonGT' on page 47 undefined on input line 27.


LaTeX Warning: Reference `tab:C4_thermo_state_GT' on page 47 undefined on input line 29.


LaTeX Warning: Reference `fig:C4_BraytonGT' on page 47 undefined on input line 29.

[47

 <./Chapitre_4/Images/GT.png>]

Package longtable Warning: Column widths have changed
(longtable)                in table 5.1 on input line 54.


LaTeX Warning: Reference `eq:C2_GP' on page 48 undefined on input line 57.


LaTeX Warning: Reference `C2' on page 48 undefined on input line 57.


LaTeX Warning: Reference `fig:C4_Ts_GT' on page 48 undefined on input line 59.


LaTeX Warning: Reference `fig:C4_hp_GT' on page 48 undefined on input line 59.

<Chapitre_4/Images/Ts_GT.png, id=482, 505.89pt x 433.62pt>
File: Chapitre_4/Images/Ts_GT.png Graphic file (type png)
<use Chapitre_4/Images/Ts_GT.png>
Package pdftex.def Info: Chapitre_4/Images/Ts_GT.png  used on input line 65.
(pdftex.def)             Requested size: 193.47578pt x 165.83595pt.
<Chapitre_4/Images/hp_GT.png, id=483, 505.89pt x 433.62pt>
File: Chapitre_4/Images/hp_GT.png Graphic file (type png)
<use Chapitre_4/Images/hp_GT.png>
Package pdftex.def Info: Chapitre_4/Images/hp_GT.png  used on input line 71.
(pdftex.def)             Requested size: 193.47578pt x 165.83595pt.

LaTeX Warning: `h' float specifier changed to `ht'.

[48]

LaTeX Warning: Reference `C2' on page 49 undefined on input line 82.


LaTeX Warning: Reference `fig:C4_RGT' on page 49 undefined on input line 91.


LaTeX Warning: Reference `fig:C4_thermo_diagram_RGT' on page 49 undefined on input line 91.

<Chapitre_4/Images/RGT.png, id=490, 402.50375pt x 266.9975pt>
File: Chapitre_4/Images/RGT.png Graphic file (type png)
<use Chapitre_4/Images/RGT.png>
Package pdftex.def Info: Chapitre_4/Images/RGT.png  used on input line 95.
(pdftex.def)             Requested size: 241.84843pt x 160.42787pt.
<Chapitre_4/Images/Ts_RGT.png, id=491, 505.89pt x 433.62pt>
File: Chapitre_4/Images/Ts_RGT.png Graphic file (type png)
<use Chapitre_4/Images/Ts_RGT.png>
Package pdftex.def Info: Chapitre_4/Images/Ts_RGT.png  used on input line 103.
(pdftex.def)             Requested size: 193.47578pt x 165.83595pt.
<Chapitre_4/Images/hp_RGT.png, id=492, 505.89pt x 433.62pt>
File: Chapitre_4/Images/hp_RGT.png Graphic file (type png)
<use Chapitre_4/Images/hp_RGT.png>
Package pdftex.def Info: Chapitre_4/Images/hp_RGT.png  used on input line 109.
(pdftex.def)             Requested size: 193.47578pt x 165.83595pt.

LaTeX Warning: `h' float specifier changed to `ht'.

[49 <./Chapitre_4/Images/Ts_GT.png> <./Chapitre_4/Images/hp_GT.png> <./Chapitre_4/Images/RGT.png>]

LaTeX Warning: Citation `Quoilin2008' on page 50 undefined on input line 123.


LaTeX Warning: Reference `annex:Brayton_variant' on page 50 undefined on input line 131.

) [50 <./Chapitre_4/Images/Ts_RGT.png> <./Chapitre_4/Images/hp_RGT.png>] (Chapitre_5/chapitre_5.tex
Chapter 6.

LaTeX Warning: Reference `C4' on page 51 undefined on input line 8.


LaTeX Warning: Reference `annex:Brayton_variant' on page 51 undefined on input line 8.


LaTeX Warning: Citation `van1995python' on page 51 undefined on input line 12.


LaTeX Warning: Reference `C3' on page 51 undefined on input line 12.

LaTeX Font Info:    Trying to load font information for T1+pcr on input line 20.
("C:\Users\Martin\AppData\Local\Programs\MiKTeX 2.9\tex/latex/psnfss\t1pcr.fd"
File: t1pcr.fd 2001/06/04 font definitions for T1/pcr.
) [51

]

LaTeX Warning: Reference `annex:Input_file' on page 52 undefined on input line 40.


LaTeX Warning: Reference `tab:C4_inputconfig' on page 52 undefined on input line 42.


Package longtable Warning: Column widths have changed
(longtable)                in table 6.1 on input line 64.

[52]

LaTeX Warning: Reference `Brayton_variant' on page 53 undefined on input line 66.


LaTeX Warning: Reference `tab:C4_inputGT' on page 53 undefined on input line 68.


Package longtable Warning: Column widths have changed
(longtable)                in table 6.2 on input line 95.

[53]

LaTeX Warning: Reference `C3' on page 54 undefined on input line 106.


LaTeX Warning: Reference `tab:C4_inputGT' on page 54 undefined on input line 106.


LaTeX Warning: Reference `C3' on page 54 undefined on input line 108.


LaTeX Warning: Reference `eq:C3_mc' on page 54 undefined on input line 108.


LaTeX Warning: Reference `eq:C3_mc' on page 54 undefined on input line 112.


LaTeX Warning: Reference `C3' on page 54 undefined on input line 112.

[54]
<Chapitre_5/Images/Flow_chart.png, id=542, 160.4394pt x 543.4704pt>
File: Chapitre_5/Images/Flow_chart.png Graphic file (type png)
<use Chapitre_5/Images/Flow_chart.png>
Package pdftex.def Info: Chapitre_5/Images/Flow_chart.png  used on input line 124.
(pdftex.def)             Requested size: 160.43901pt x 543.46906pt.


LaTeX Warning: Reference `fig:C5_flowchart' on page 55 undefined on input line 135.


Underfull \hbox (badness 10000) in paragraph at lines 135--135

 []

[55 <./Chapitre_5/Images/Flow_chart.png>]
Underfull \hbox (badness 10000) in paragraph at lines 141--142

 []


LaTeX Warning: Reference `C2' on page 56 undefined on input line 147.


LaTeX Warning: Reference `C3' on page 56 undefined on input line 147.

) [56] (Chapitre_6/chapitre_6.tex
Chapter 7.
)
No file main.bbl.
[57

]

Package longtable Warning: Table widths have changed. Rerun LaTeX.

Package atveryend Info: Empty hook `BeforeClearDocument' on input line 87.
Package atveryend Info: Empty hook `AfterLastShipout' on input line 87.
(main.aux)
Package atveryend Info: Executing hook `AtVeryEndDocument' on input line 87.
Package atveryend Info: Executing hook `AtEndAfterFileList' on input line 87.


Package rerunfilecheck Warning: File `main.out' has changed.
(rerunfilecheck)                Rerun to get outlines right
(rerunfilecheck)                or use package `bookmark'.

Package rerunfilecheck Info: Checksums for `main.out':
(rerunfilecheck)             Before: <no file>
(rerunfilecheck)             After:  800DE23958C603A49C0E24BE0FA09D4D;3594.

LaTeX Warning: There were undefined references.


LaTeX Warning: Label(s) may have changed. Rerun to get cross-references right.

Package atveryend Info: Empty hook `AtVeryVeryEnd' on input line 87.
 ) 
Here is how much of TeX's memory you used:
 21416 strings out of 480930
 407377 string characters out of 2899292
 669463 words of memory out of 3000000
 36500 multiletter control sequences out of 15000+200000
 600650 words of font info for 118 fonts, out of 3000000 for 9000
 1141 hyphenation exceptions out of 8191
 60i,17n,60p,715b,558s stack positions out of 5000i,500n,10000p,200000b,50000s
pdfTeX warning (dest): name{Hfootnote.3} has been referenced but does not exist, replaced by a fixed one

pdfTeX warning (dest): name{Hfootnote.2} has been referenced but does not exist, replaced by a fixed one

pdfTeX warning (dest): name{Hfootnote.1} has been referenced but does not exist, replaced by a fixed one

{C:/Users/Martin/AppData/Local/Programs/MiKTeX 2.9/fonts/enc/dvips/base/8r.enc}<C:/Users/Martin/AppData/Local/Programs/MiKTeX 2.9/fonts/type1/public/amsfonts/cm/cmbx12.pfb><C:/Users/Martin/AppData/Local/Programs/MiKTeX 2.9/fonts/type1/public/amsfonts/cm/cmbx8.pfb><C:/Users/Martin/AppData/Local/Programs/MiKTeX 2.9/fonts/type1/public/amsfonts/cm/cmex10.pfb><C:/Users/Martin/AppData/Local/Programs/MiKTeX 2.9/fonts/type1/public/amsfonts/cm/cmmi12.pfb><C:/Users/Martin/AppData/Local/Programs/MiKTeX 2.9/fonts/type1/public/amsfonts/cm/cmmi6.pfb><C:/Users/Martin/AppData/Local/Programs/MiKTeX 2.9/fonts/type1/public/amsfonts/cm/cmmi8.pfb><C:/Users/Martin/AppData/Local/Programs/MiKTeX 2.9/fonts/type1/public/amsfonts/cm/cmmib10.pfb><C:/Users/Martin/AppData/Local/Programs/MiKTeX 2.9/fonts/type1/public/amsfonts/cmextra/cmmib8.pfb><C:/Users/Martin/AppData/Local/Programs/MiKTeX 2.9/fonts/type1/public/amsfonts/cm/cmr10.pfb><C:/Users/Martin/AppData/Local/Programs/MiKTeX 2.9/fonts/type1/public/amsfonts/cm/cmr12.pfb><C:/Users/Martin/AppData/Local/Programs/MiKTeX 2.9/fonts/type1/public/amsfonts/cm/cmr6.pfb><C:/Users/Martin/AppData/Local/Programs/MiKTeX 2.9/fonts/type1/public/amsfonts/cm/cmr7.pfb><C:/Users/Martin/AppData/Local/Programs/MiKTeX 2.9/fonts/type1/public/amsfonts/cm/cmr8.pfb><C:/Users/Martin/AppData/Local/Programs/MiKTeX 2.9/fonts/type1/public/amsfonts/cm/cmsy10.pfb><C:/Users/Martin/AppData/Local/Programs/MiKTeX 2.9/fonts/type1/public/amsfonts/cm/cmsy6.pfb><C:/Users/Martin/AppData/Local/Programs/MiKTeX 2.9/fonts/type1/public/amsfonts/cm/cmsy8.pfb><C:/Users/Martin/AppData/Local/Programs/MiKTeX 2.9/fonts/type1/public/amsfonts/symbols/msam10.pfb><C:/Users/Martin/AppData/Local/Programs/MiKTeX 2.9/fonts/type1/urw/courier/ucrr8a.pfb><C:/Users/Martin/AppData/Local/Programs/MiKTeX 2.9/fonts/type1/urw/times/utmb8a.pfb><C:/Users/Martin/AppData/Local/Programs/MiKTeX 2.9/fonts/type1/urw/times/utmr8a.pfb><C:/Users/Martin/AppData/Local/Programs/MiKTeX 2.9/fonts/type1/urw/times/utmri8a.pfb>
Output written on main.pdf (58 pages, 6332137 bytes).
PDF statistics:
 687 PDF objects out of 1000 (max. 8388607)
 283 named destinations out of 1000 (max. 500000)
 173 words of extra memory for PDF output out of 10000 (max. 10000000)

