\BOOKMARK [0][-]{chapter.1}{Introduction}{}% 1
\BOOKMARK [0][-]{chapter.2}{Notions of thermodynamics}{}% 2
\BOOKMARK [1][-]{section.2.1}{Fundamental notions}{chapter.2}% 3
\BOOKMARK [2][-]{subsection.2.1.1}{Open/closed system}{section.2.1}% 4
\BOOKMARK [2][-]{subsection.2.1.2}{State functions and variables}{section.2.1}% 5
\BOOKMARK [2][-]{subsection.2.1.3}{Ideal gas equation}{section.2.1}% 6
\BOOKMARK [2][-]{subsection.2.1.4}{Energy}{section.2.1}% 7
\BOOKMARK [1][-]{section.2.2}{Principles of thermodynamic}{chapter.2}% 8
\BOOKMARK [2][-]{subsection.2.2.1}{Enthalpy}{section.2.2}% 9
\BOOKMARK [2][-]{subsection.2.2.2}{Specific heat}{section.2.2}% 10
\BOOKMARK [2][-]{subsection.2.2.3}{Carnot cycle}{section.2.2}% 11
\BOOKMARK [2][-]{subsection.2.2.4}{Entropy}{section.2.2}% 12
\BOOKMARK [2][-]{subsection.2.2.5}{Second principle definition}{section.2.2}% 13
\BOOKMARK [2][-]{subsection.2.2.6}{Computation of the thermodynamic properties}{section.2.2}% 14
\BOOKMARK [2][-]{subsection.2.2.7}{Entropy variation}{section.2.2}% 15
\BOOKMARK [2][-]{subsection.2.2.8}{Type of transformations}{section.2.2}% 16
\BOOKMARK [2][-]{subsection.2.2.9}{Isentropic efficiency}{section.2.2}% 17
\BOOKMARK [0][-]{chapter.3}{Thermodynamic components}{}% 18
\BOOKMARK [1][-]{section.3.1}{Turbomachines}{chapter.3}% 19
\BOOKMARK [2][-]{subsection.3.1.1}{Incompressible flow}{section.3.1}% 20
\BOOKMARK [2][-]{subsection.3.1.2}{Compressible flow}{section.3.1}% 21
\BOOKMARK [2][-]{subsection.3.1.3}{Gas compressor}{section.3.1}% 22
\BOOKMARK [2][-]{subsection.3.1.4}{Gas turbine}{section.3.1}% 23
\BOOKMARK [1][-]{section.3.2}{Combustion chamber}{chapter.3}% 24
\BOOKMARK [2][-]{subsection.3.2.1}{Basis about Chemistry}{section.3.2}% 25
\BOOKMARK [2][-]{subsection.3.2.2}{Combustion equation}{section.3.2}% 26
\BOOKMARK [2][-]{subsection.3.2.3}{Fuel characteristic}{section.3.2}% 27
\BOOKMARK [2][-]{subsection.3.2.4}{Fumes composition}{section.3.2}% 28
\BOOKMARK [1][-]{section.3.3}{Heat-exchangers}{chapter.3}% 29
\BOOKMARK [2][-]{subsection.3.3.1}{Stream configurations}{section.3.3}% 30
\BOOKMARK [2][-]{subsection.3.3.2}{Heat transfer within a heat-exchanger}{section.3.3}% 31
\BOOKMARK [1][-]{section.3.4}{Piping and pressure drop}{chapter.3}% 32
\BOOKMARK [0][-]{chapter.4}{Brayton cycle}{}% 33
\BOOKMARK [1][-]{section.4.1}{Gas turbine \(GT\)}{chapter.4}% 34
\BOOKMARK [1][-]{section.4.2}{Regenerative gas turbine \(RGT\)}{chapter.4}% 35
\BOOKMARK [1][-]{section.4.3}{Brayton cycle - variants}{chapter.4}% 36
\BOOKMARK [0][-]{chapter.5}{Brayton cycle modeling - Overview}{}% 37
\BOOKMARK [1][-]{section.5.1}{Python language}{chapter.5}% 38
\BOOKMARK [1][-]{section.5.2}{Structure of the model}{chapter.5}% 39
\BOOKMARK [2][-]{subsection.5.2.1}{Inputs}{section.5.2}% 40
\BOOKMARK [2][-]{subsection.5.2.2}{Flow chart of the model}{section.5.2}% 41
\BOOKMARK [0][-]{chapter.6}{Brayton cycle modeling}{}% 42
